[debug] [2020-11-13T04:47:37.877Z] ----------------------------------------------------------------------
[debug] [2020-11-13T04:47:37.881Z] Command:       C:\Program Files\nodejs\node.exe C:\Users\Gateway PC\AppData\Roaming\npm\node_modules\firebase-tools\lib\bin\firebase.js init
[debug] [2020-11-13T04:47:37.882Z] CLI Version:   8.16.1
[debug] [2020-11-13T04:47:37.882Z] Platform:      win32
[debug] [2020-11-13T04:47:37.882Z] Node Version:  v14.15.0
[debug] [2020-11-13T04:47:37.884Z] Time:          Thu Nov 12 2020 20:47:37 GMT-0800 (Pacific Standard Time)
[debug] [2020-11-13T04:47:37.884Z] ----------------------------------------------------------------------
[debug] [2020-11-13T04:47:37.884Z] 
[debug] [2020-11-13T04:47:37.894Z] > command requires scopes: ["email","openid","https://www.googleapis.com/auth/cloudplatformprojects.readonly","https://www.googleapis.com/auth/firebase","https://www.googleapis.com/auth/cloud-platform"]
[debug] [2020-11-13T04:47:37.895Z] > authorizing via signed-in user
[info] 
     ######## #### ########  ######## ########     ###     ######  ########
     ##        ##  ##     ## ##       ##     ##  ##   ##  ##       ##
     ######    ##  ########  ######   ########  #########  ######  ######
     ##        ##  ##    ##  ##       ##     ## ##     ##       ## ##
     ##       #### ##     ## ######## ########  ##     ##  ######  ########

You're about to initialize a Firebase project in this directory:

  C:\Users\Gateway PC\Desktop\food-app

[info] 
=== Project Setup
[info] 
[info] First, let's associate this project directory with a Firebase project.
[info] You can create multiple project aliases by running firebase use --add, 
[info] but for now we'll just set up a default project.
[info] 
[debug] [2020-11-13T04:49:31.251Z] > refreshing access token with scopes: ["email","https://www.googleapis.com/auth/cloud-platform","https://www.googleapis.com/auth/cloudplatformprojects.readonly","https://www.googleapis.com/auth/firebase","openid"]
[debug] [2020-11-13T04:49:31.252Z] >>> HTTP REQUEST POST https://www.googleapis.com/oauth2/v3/token  
 <request body omitted>
[debug] [2020-11-13T04:49:31.432Z] <<< HTTP RESPONSE 200 {"date":"Fri, 13 Nov 2020 04:49:31 GMT","pragma":"no-cache","cache-control":"no-cache, no-store, max-age=0, must-revalidate","expires":"Mon, 01 Jan 1990 00:00:00 GMT","content-type":"application/json; charset=utf-8","vary":"X-Origin, Referer, Origin,Accept-Encoding","server":"scaffolding on HTTPServer2","x-xss-protection":"0","x-frame-options":"SAMEORIGIN","x-content-type-options":"nosniff","alt-svc":"h3-Q050=\":443\"; ma=2592000,h3-29=\":443\"; ma=2592000,h3-T051=\":443\"; ma=2592000,h3-T050=\":443\"; ma=2592000,h3-Q046=\":443\"; ma=2592000,h3-Q043=\":443\"; ma=2592000,quic=\":443\"; ma=2592000; v=\"46,43\"","accept-ranges":"none","transfer-encoding":"chunked"}
[debug] [2020-11-13T04:49:31.480Z] >>> HTTP REQUEST GET https://firebase.googleapis.com/v1beta1/projects?pageSize=100  
 
[debug] [2020-11-13T04:49:31.799Z] <<< HTTP RESPONSE 200 {"content-type":"application/json; charset=UTF-8","vary":"X-Origin, Referer, Origin,Accept-Encoding","date":"Fri, 13 Nov 2020 04:49:31 GMT","server":"ESF","cache-control":"private","x-xss-protection":"0","x-frame-options":"SAMEORIGIN","x-content-type-options":"nosniff","alt-svc":"h3-Q050=\":443\"; ma=2592000,h3-29=\":443\"; ma=2592000,h3-T051=\":443\"; ma=2592000,h3-T050=\":443\"; ma=2592000,h3-Q046=\":443\"; ma=2592000,h3-Q043=\":443\"; ma=2592000,quic=\":443\"; ma=2592000; v=\"46,43\"","accept-ranges":"none","transfer-encoding":"chunked"}
[debug] [2020-11-13T04:50:08.969Z] ----------------------------------------------------------------------
[debug] [2020-11-13T04:50:08.973Z] Command:       C:\Program Files\nodejs\node.exe C:\Users\Gateway PC\AppData\Roaming\npm\node_modules\firebase-tools\lib\bin\firebase.js init
[debug] [2020-11-13T04:50:08.974Z] CLI Version:   8.16.1
[debug] [2020-11-13T04:50:08.974Z] Platform:      win32
[debug] [2020-11-13T04:50:08.974Z] Node Version:  v14.15.0
[debug] [2020-11-13T04:50:08.976Z] Time:          Thu Nov 12 2020 20:50:08 GMT-0800 (Pacific Standard Time)
[debug] [2020-11-13T04:50:08.976Z] ----------------------------------------------------------------------
[debug] [2020-11-13T04:50:08.976Z] 
[debug] [2020-11-13T04:50:08.987Z] > command requires scopes: ["email","openid","https://www.googleapis.com/auth/cloudplatformprojects.readonly","https://www.googleapis.com/auth/firebase","https://www.googleapis.com/auth/cloud-platform"]
[debug] [2020-11-13T04:50:08.990Z] > authorizing via signed-in user
[info] 
     ######## #### ########  ######## ########     ###     ######  ########
     ##        ##  ##     ## ##       ##     ##  ##   ##  ##       ##
     ######    ##  ########  ######   ########  #########  ######  ######
     ##        ##  ##    ##  ##       ##     ## ##     ##       ## ##
     ##       #### ##     ## ######## ########  ##     ##  ######  ########

You're about to initialize a Firebase project in this directory:

  C:\Users\Gateway PC\Desktop\food-app

[info] 
=== Project Setup
[info] 
[info] First, let's associate this project directory with a Firebase project.
[info] You can create multiple project aliases by running firebase use --add, 
[info] but for now we'll just set up a default project.
[info] 
[info] i  If you want to create a project in a Google Cloud organization or folder, please use "firebase projects:create" instead, and return to this command when you've created the project. 
[debug] [2020-11-13T04:50:56.116Z] >>> HTTP REQUEST POST https://cloudresourcemanager.googleapis.com/v1/projects  
 {"projectId":"firebase-food","name":"firebase-food"}
[debug] [2020-11-13T04:50:56.328Z] <<< HTTP RESPONSE 409 {"vary":"X-Origin, Referer, Origin,Accept-Encoding","content-type":"application/json; charset=UTF-8","date":"Fri, 13 Nov 2020 04:50:56 GMT","server":"ESF","cache-control":"private","x-xss-protection":"0","x-frame-options":"SAMEORIGIN","x-content-type-options":"nosniff","server-timing":"gfet4t7; dur=137","alt-svc":"h3-Q050=\":443\"; ma=2592000,h3-29=\":443\"; ma=2592000,h3-T051=\":443\"; ma=2592000,h3-Q046=\":443\"; ma=2592000,h3-Q043=\":443\"; ma=2592000,quic=\":443\"; ma=2592000; v=\"46,43\"","accept-ranges":"none","transfer-encoding":"chunked"}
[debug] [2020-11-13T04:50:56.328Z] <<< HTTP RESPONSE BODY {"error":{"code":409,"message":"Requested entity already exists","status":"ALREADY_EXISTS"}}
[debug] [2020-11-13T04:50:56.378Z] FirebaseError: HTTP Error: 409, Requested entity already exists
    at module.exports (C:\Users\Gateway PC\AppData\Roaming\npm\node_modules\firebase-tools\lib\responseToError.js:38:12)
    at Request._callback (C:\Users\Gateway PC\AppData\Roaming\npm\node_modules\firebase-tools\lib\api.js:41:35)
    at Request.self.callback (C:\Users\Gateway PC\AppData\Roaming\npm\node_modules\firebase-tools\node_modules\request\request.js:185:22)
    at Request.emit (events.js:315:20)
    at Request.EventEmitter.emit (domain.js:486:12)
    at Request.<anonymous> (C:\Users\Gateway PC\AppData\Roaming\npm\node_modules\firebase-tools\node_modules\request\request.js:1154:10)
    at Request.emit (events.js:315:20)
    at Request.EventEmitter.emit (domain.js:486:12)
    at IncomingMessage.<anonymous> (C:\Users\Gateway PC\AppData\Roaming\npm\node_modules\firebase-tools\node_modules\request\request.js:1076:12)
    at Object.onceWrapper (events.js:421:28)
    at IncomingMessage.emit (events.js:327:22)
    at IncomingMessage.EventEmitter.emit (domain.js:486:12)
    at endReadableNT (_stream_readable.js:1327:12)
    at processTicksAndRejections (internal/process/task_queues.js:80:21)
[error] 
[error] Error: Failed to create project because there is already a project with ID firebase-food. Please try again with a unique project ID.
[debug] [2020-11-13T04:51:08.098Z] ----------------------------------------------------------------------
[debug] [2020-11-13T04:51:08.102Z] Command:       C:\Program Files\nodejs\node.exe C:\Users\Gateway PC\AppData\Roaming\npm\node_modules\firebase-tools\lib\bin\firebase.js init
[debug] [2020-11-13T04:51:08.103Z] CLI Version:   8.16.1
[debug] [2020-11-13T04:51:08.103Z] Platform:      win32
[debug] [2020-11-13T04:51:08.103Z] Node Version:  v14.15.0
[debug] [2020-11-13T04:51:08.105Z] Time:          Thu Nov 12 2020 20:51:08 GMT-0800 (Pacific Standard Time)
[debug] [2020-11-13T04:51:08.105Z] ----------------------------------------------------------------------
[debug] [2020-11-13T04:51:08.105Z] 
[debug] [2020-11-13T04:51:08.116Z] > command requires scopes: ["email","openid","https://www.googleapis.com/auth/cloudplatformprojects.readonly","https://www.googleapis.com/auth/firebase","https://www.googleapis.com/auth/cloud-platform"]
[debug] [2020-11-13T04:51:08.116Z] > authorizing via signed-in user
[info] 
     ######## #### ########  ######## ########     ###     ######  ########
     ##        ##  ##     ## ##       ##     ##  ##   ##  ##       ##
     ######    ##  ########  ######   ########  #########  ######  ######
     ##        ##  ##    ##  ##       ##     ## ##     ##       ## ##
     ##       #### ##     ## ######## ########  ##     ##  ######  ########

You're about to initialize a Firebase project in this directory:

  C:\Users\Gateway PC\Desktop\food-app

[info] 
=== Project Setup
[info] 
[info] First, let's associate this project directory with a Firebase project.
[info] You can create multiple project aliases by running firebase use --add, 
[info] but for now we'll just set up a default project.
[info] 
[info] i  If you want to create a project in a Google Cloud organization or folder, please use "firebase projects:create" instead, and return to this command when you've created the project. 
[debug] [2020-11-13T04:51:17.316Z] >>> HTTP REQUEST POST https://cloudresourcemanager.googleapis.com/v1/projects  
 {"projectId":"firebase-food","name":"firebase-food"}
[debug] [2020-11-13T04:51:17.596Z] <<< HTTP RESPONSE 409 {"vary":"X-Origin, Referer, Origin,Accept-Encoding","content-type":"application/json; charset=UTF-8","date":"Fri, 13 Nov 2020 04:51:17 GMT","server":"ESF","cache-control":"private","x-xss-protection":"0","x-frame-options":"SAMEORIGIN","x-content-type-options":"nosniff","server-timing":"gfet4t7; dur=119","alt-svc":"h3-Q050=\":443\"; ma=2592000,h3-29=\":443\"; ma=2592000,h3-T051=\":443\"; ma=2592000,h3-Q046=\":443\"; ma=2592000,h3-Q043=\":443\"; ma=2592000,quic=\":443\"; ma=2592000; v=\"46,43\"","accept-ranges":"none","transfer-encoding":"chunked"}
[debug] [2020-11-13T04:51:17.596Z] <<< HTTP RESPONSE BODY {"error":{"code":409,"message":"Requested entity already exists","status":"ALREADY_EXISTS"}}
[debug] [2020-11-13T04:51:17.643Z] FirebaseError: HTTP Error: 409, Requested entity already exists
    at module.exports (C:\Users\Gateway PC\AppData\Roaming\npm\node_modules\firebase-tools\lib\responseToError.js:38:12)
    at Request._callback (C:\Users\Gateway PC\AppData\Roaming\npm\node_modules\firebase-tools\lib\api.js:41:35)
    at Request.self.callback (C:\Users\Gateway PC\AppData\Roaming\npm\node_modules\firebase-tools\node_modules\request\request.js:185:22)
    at Request.emit (events.js:315:20)
    at Request.EventEmitter.emit (domain.js:486:12)
    at Request.<anonymous> (C:\Users\Gateway PC\AppData\Roaming\npm\node_modules\firebase-tools\node_modules\request\request.js:1154:10)
    at Request.emit (events.js:315:20)
    at Request.EventEmitter.emit (domain.js:486:12)
    at IncomingMessage.<anonymous> (C:\Users\Gateway PC\AppData\Roaming\npm\node_modules\firebase-tools\node_modules\request\request.js:1076:12)
    at Object.onceWrapper (events.js:421:28)
    at IncomingMessage.emit (events.js:327:22)
    at IncomingMessage.EventEmitter.emit (domain.js:486:12)
    at endReadableNT (_stream_readable.js:1327:12)
    at processTicksAndRejections (internal/process/task_queues.js:80:21)
[error] 
[error] Error: Failed to create project because there is already a project with ID firebase-food. Please try again with a unique project ID.
[debug] [2020-11-13T04:51:22.772Z] ----------------------------------------------------------------------
[debug] [2020-11-13T04:51:22.776Z] Command:       C:\Program Files\nodejs\node.exe C:\Users\Gateway PC\AppData\Roaming\npm\node_modules\firebase-tools\lib\bin\firebase.js init
[debug] [2020-11-13T04:51:22.777Z] CLI Version:   8.16.1
[debug] [2020-11-13T04:51:22.777Z] Platform:      win32
[debug] [2020-11-13T04:51:22.777Z] Node Version:  v14.15.0
[debug] [2020-11-13T04:51:22.779Z] Time:          Thu Nov 12 2020 20:51:22 GMT-0800 (Pacific Standard Time)
[debug] [2020-11-13T04:51:22.779Z] ----------------------------------------------------------------------
[debug] [2020-11-13T04:51:22.779Z] 
[debug] [2020-11-13T04:51:22.789Z] > command requires scopes: ["email","openid","https://www.googleapis.com/auth/cloudplatformprojects.readonly","https://www.googleapis.com/auth/firebase","https://www.googleapis.com/auth/cloud-platform"]
[debug] [2020-11-13T04:51:22.790Z] > authorizing via signed-in user
[info] 
     ######## #### ########  ######## ########     ###     ######  ########
     ##        ##  ##     ## ##       ##     ##  ##   ##  ##       ##
     ######    ##  ########  ######   ########  #########  ######  ######
     ##        ##  ##    ##  ##       ##     ## ##     ##       ## ##
     ##       #### ##     ## ######## ########  ##     ##  ######  ########

You're about to initialize a Firebase project in this directory:

  C:\Users\Gateway PC\Desktop\food-app

[info] 
=== Project Setup
[info] 
[info] First, let's associate this project directory with a Firebase project.
[info] You can create multiple project aliases by running firebase use --add, 
[info] but for now we'll just set up a default project.
[info] 
[debug] [2020-11-13T04:53:58.099Z] >>> HTTP REQUEST GET https://firebase.googleapis.com/v1beta1/projects?pageSize=100  
 
[debug] [2020-11-13T04:53:58.358Z] <<< HTTP RESPONSE 200 {"content-type":"application/json; charset=UTF-8","vary":"X-Origin, Referer, Origin,Accept-Encoding","date":"Fri, 13 Nov 2020 04:53:58 GMT","server":"ESF","cache-control":"private","x-xss-protection":"0","x-frame-options":"SAMEORIGIN","x-content-type-options":"nosniff","alt-svc":"h3-Q050=\":443\"; ma=2592000,h3-29=\":443\"; ma=2592000,h3-T051=\":443\"; ma=2592000,h3-T050=\":443\"; ma=2592000,h3-Q046=\":443\"; ma=2592000,h3-Q043=\":443\"; ma=2592000,quic=\":443\"; ma=2592000; v=\"46,43\"","accept-ranges":"none","transfer-encoding":"chunked"}
[debug] [2020-11-13T04:54:10.489Z] ----------------------------------------------------------------------
[debug] [2020-11-13T04:54:10.493Z] Command:       C:\Program Files\nodejs\node.exe C:\Users\Gateway PC\AppData\Roaming\npm\node_modules\firebase-tools\lib\bin\firebase.js init
[debug] [2020-11-13T04:54:10.494Z] CLI Version:   8.16.1
[debug] [2020-11-13T04:54:10.494Z] Platform:      win32
[debug] [2020-11-13T04:54:10.494Z] Node Version:  v14.15.0
[debug] [2020-11-13T04:54:10.496Z] Time:          Thu Nov 12 2020 20:54:10 GMT-0800 (Pacific Standard Time)
[debug] [2020-11-13T04:54:10.496Z] ----------------------------------------------------------------------
[debug] [2020-11-13T04:54:10.496Z] 
[debug] [2020-11-13T04:54:10.506Z] > command requires scopes: ["email","openid","https://www.googleapis.com/auth/cloudplatformprojects.readonly","https://www.googleapis.com/auth/firebase","https://www.googleapis.com/auth/cloud-platform"]
[debug] [2020-11-13T04:54:10.507Z] > authorizing via signed-in user
[info] 
     ######## #### ########  ######## ########     ###     ######  ########
     ##        ##  ##     ## ##       ##     ##  ##   ##  ##       ##
     ######    ##  ########  ######   ########  #########  ######  ######
     ##        ##  ##    ##  ##       ##     ## ##     ##       ## ##
     ##       #### ##     ## ######## ########  ##     ##  ######  ########

You're about to initialize a Firebase project in this directory:

  C:\Users\Gateway PC\Desktop\food-app

[info] 
=== Project Setup
[info] 
[info] First, let's associate this project directory with a Firebase project.
[info] You can create multiple project aliases by running firebase use --add, 
[info] but for now we'll just set up a default project.
[info] 
[debug] [2020-11-13T04:55:06.163Z] >>> HTTP REQUEST GET https://firebase.googleapis.com/v1beta1/projects?pageSize=100  
 
[debug] [2020-11-13T04:55:06.425Z] <<< HTTP RESPONSE 200 {"content-type":"application/json; charset=UTF-8","vary":"X-Origin, Referer, Origin,Accept-Encoding","date":"Fri, 13 Nov 2020 04:55:06 GMT","server":"ESF","cache-control":"private","x-xss-protection":"0","x-frame-options":"SAMEORIGIN","x-content-type-options":"nosniff","alt-svc":"h3-Q050=\":443\"; ma=2592000,h3-29=\":443\"; ma=2592000,h3-T051=\":443\"; ma=2592000,h3-T050=\":443\"; ma=2592000,h3-Q046=\":443\"; ma=2592000,h3-Q043=\":443\"; ma=2592000,quic=\":443\"; ma=2592000; v=\"46,43\"","accept-ranges":"none","transfer-encoding":"chunked"}
